<?xml version="1.0" encoding="UTF-8"?>
<!-- Generated by org.testng.reporters.JUnitReportReporter -->
<testsuite skipped="0" hostname="Mohameds-MacBook-Pro.local" name="Mobile.Auto.Tests.MobileBase" tests="2" failures="0" timestamp="2023-05-21T23:08:19 AST" time="20.069" errors="0">
  <testcase name="initializedriver" time="19.670" classname="Mobile.Auto.Tests.MobileBase"/>
  <system-out/>
  <testcase name="teardown" time="0.399" classname="Mobile.Auto.Tests.MobileBase"/>
  <system-out/>
</testsuite> <!-- Mobile.Auto.Tests.MobileBase -->
